2023-03-31 11:48:01  INF  Now listening on: https://localhost:7285
2023-03-31 11:48:01  INF  Now listening on: http://localhost:5285
2023-03-31 11:48:01  INF  Application started. Press Ctrl+C to shut down.
2023-03-31 11:48:01  INF  Hosting environment: Development
2023-03-31 11:48:01  INF  Content root path: C:\Users\FBUSZKIEWICZ\Documents\GitHub\filip_b\AirQualityApi\AirQualityApi\
2023-03-31 11:48:02  INF  Request starting HTTP/2 GET https://localhost:7285/swagger/index.html - -
2023-03-31 11:48:02  INF  Request finished HTTP/2 GET https://localhost:7285/swagger/index.html - - - 200 - text/html;charset=utf-8 343.4684ms
2023-03-31 11:48:02  INF  Request starting HTTP/2 GET https://localhost:7285/_vs/browserLink - -
2023-03-31 11:48:02  INF  Request starting HTTP/2 GET https://localhost:7285/_framework/aspnetcore-browser-refresh.js - -
2023-03-31 11:48:02  INF  Request finished HTTP/2 GET https://localhost:7285/_framework/aspnetcore-browser-refresh.js - - - 200 11996 application/javascript;+charset=utf-8 5.0205ms
2023-03-31 11:48:02  INF  Request finished HTTP/2 GET https://localhost:7285/_vs/browserLink - - - 200 - text/javascript;+charset=UTF-8 53.2578ms
2023-03-31 11:48:03  INF  Request starting HTTP/2 GET https://localhost:7285/swagger/v1/swagger.json - -
2023-03-31 11:48:03  INF  Request finished HTTP/2 GET https://localhost:7285/swagger/v1/swagger.json - - - 200 - application/json;charset=utf-8 120.2292ms
2023-03-31 11:48:06  INF  Request starting HTTP/2 GET https://localhost:7285/api/Stations - -
2023-03-31 11:48:06  INF  Executing endpoint 'AirQualityApi.Controllers.StationsController.GetAllStations (AirQualityApi)'
2023-03-31 11:48:06  INF  Route matched with {action = "GetAllStations", controller = "Stations"}. Executing controller action with signature System.Threading.Tasks.Task`1[Microsoft.AspNetCore.Mvc.IActionResult] GetAllStations() on controller AirQualityApi.Controllers.StationsController (AirQualityApi).
2023-03-31 11:48:06  INF  Retrieving the data...
2023-03-31 11:48:06  INF  Start processing HTTP request GET "https://api.gios.gov.pl/pjp-api/rest/station/findAll"
2023-03-31 11:48:06  INF  Sending HTTP request GET "https://api.gios.gov.pl/pjp-api/rest/station/findAll"
2023-03-31 11:48:07  INF  Received HTTP response headers after 1073.2257ms - 200
2023-03-31 11:48:07  INF  End processing HTTP request after 1091.8415ms - 200
2023-03-31 11:48:07  INF  Successfully retrieved 208 stations
2023-03-31 11:48:07  INF  Executing OkObjectResult, writing value of type 'System.Collections.Generic.List`1[[AirQualityApi.Models.Station, AirQualityApi, Version=1.0.0.0, Culture=neutral, PublicKeyToken=null]]'.
2023-03-31 11:48:07  INF  Executed action AirQualityApi.Controllers.StationsController.GetAllStations (AirQualityApi) in 1329.1276ms
2023-03-31 11:48:07  INF  Executed endpoint 'AirQualityApi.Controllers.StationsController.GetAllStations (AirQualityApi)'
2023-03-31 11:48:07  INF  Request finished HTTP/2 GET https://localhost:7285/api/Stations - - - 200 - application/json;+charset=utf-8 1372.7881ms
