2023-04-11 09:38:07  INF  Now listening on: https://localhost:7285
2023-04-11 09:38:07  INF  Now listening on: http://localhost:5285
2023-04-11 09:38:07  INF  Application started. Press Ctrl+C to shut down.
2023-04-11 09:38:07  INF  Hosting environment: Development
2023-04-11 09:38:07  INF  Content root path: C:\Users\FBUSZKIEWICZ\Documents\GitHub\filip_b\AirQualityApi\AirQualityApi\
2023-04-11 09:38:09  INF  Request starting HTTP/2 GET https://localhost:7285/swagger/index.html - -
2023-04-11 09:38:11  INF  Request finished HTTP/2 GET https://localhost:7285/swagger/index.html - - - 200 - text/html;charset=utf-8 1628.5541ms
2023-04-11 09:38:11  INF  Request starting HTTP/2 GET https://localhost:7285/_framework/aspnetcore-browser-refresh.js - -
2023-04-11 09:38:11  INF  Request finished HTTP/2 GET https://localhost:7285/_framework/aspnetcore-browser-refresh.js - - - 200 11996 application/javascript;+charset=utf-8 36.7151ms
2023-04-11 09:38:11  INF  Request starting HTTP/2 GET https://localhost:7285/_vs/browserLink - -
2023-04-11 09:38:11  INF  Request finished HTTP/2 GET https://localhost:7285/_vs/browserLink - - - 200 - text/javascript;+charset=UTF-8 346.5684ms
2023-04-11 09:38:11  INF  Request starting HTTP/2 GET https://localhost:7285/swagger/v1/swagger.json - -
2023-04-11 09:38:12  INF  Request finished HTTP/2 GET https://localhost:7285/swagger/v1/swagger.json - - - 200 - application/json;charset=utf-8 349.1798ms
2023-04-11 09:38:15  INF  Request starting HTTP/2 GET https://localhost:7285/api/Stations - -
2023-04-11 09:38:15  INF  Executing endpoint 'AirQualityApi.Controllers.StationsController.GetAllStations (AirQualityApi)'
2023-04-11 09:38:15  INF  Route matched with {action = "GetAllStations", controller = "Stations"}. Executing controller action with signature System.Threading.Tasks.Task`1[Microsoft.AspNetCore.Mvc.IActionResult] GetAllStations() on controller AirQualityApi.Controllers.StationsController (AirQualityApi).
2023-04-11 09:38:34  INF  Executed DbCommand (122ms) [Parameters=[], CommandType='"Text"', CommandTimeout='30']
SELECT [s].[Id], [s].[AddressStreet], [s].[CityId], [s].[GegrLat], [s].[GegrLon], [s].[StationName], [c].[Id], [c].[Name]
FROM [Stations] AS [s]
INNER JOIN [Cities] AS [c] ON [s].[CityId] = [c].[Id]
2023-04-11 09:38:35  INF  Executing OkObjectResult, writing value of type 'System.Collections.Generic.List`1[[AirQualityApi.Db.Models.Station, AirQualityApi.Db.Models, Version=1.0.0.0, Culture=neutral, PublicKeyToken=null]]'.
2023-04-11 09:38:35  INF  Executed action AirQualityApi.Controllers.StationsController.GetAllStations (AirQualityApi) in 19350.1283ms
2023-04-11 09:38:35  INF  Executed endpoint 'AirQualityApi.Controllers.StationsController.GetAllStations (AirQualityApi)'
2023-04-11 09:38:35  INF  Request finished HTTP/2 GET https://localhost:7285/api/Stations - - - 200 - application/json;+charset=utf-8 19552.3353ms
2023-04-11 09:38:45  INF  Request starting HTTP/2 GET https://localhost:7285/api/Stations/id/114 - -
2023-04-11 09:38:45  INF  Executing endpoint 'AirQualityApi.Controllers.StationsController.GetSensorDataById (AirQualityApi)'
2023-04-11 09:38:45  INF  Route matched with {action = "GetSensorDataById", controller = "Stations"}. Executing controller action with signature System.Threading.Tasks.Task`1[Microsoft.AspNetCore.Mvc.IActionResult] GetSensorDataById(Int32) on controller AirQualityApi.Controllers.StationsController (AirQualityApi).
2023-04-11 09:38:46  INF  Executed DbCommand (163ms) [Parameters=[@__stationId_0='?' (DbType = Int32)], CommandType='"Text"', CommandTimeout='30']
SELECT [s].[Id], [s].[ParamIdParam], [s].[StationId], [s0].[IdParam], [s0].[ParamCode], [s0].[ParamFormula], [s0].[ParamName]
FROM [Sensors] AS [s]
INNER JOIN [SensorParams] AS [s0] ON [s].[ParamIdParam] = [s0].[IdParam]
WHERE [s].[StationId] = @__stationId_0
2023-04-11 09:38:46  INF  Executing OkObjectResult, writing value of type 'System.Collections.Generic.List`1[[AirQualityApi.Db.Models.Sensor, AirQualityApi.Db.Models, Version=1.0.0.0, Culture=neutral, PublicKeyToken=null]]'.
2023-04-11 09:38:46  INF  Executed action AirQualityApi.Controllers.StationsController.GetSensorDataById (AirQualityApi) in 441.0686ms
2023-04-11 09:38:46  INF  Executed endpoint 'AirQualityApi.Controllers.StationsController.GetSensorDataById (AirQualityApi)'
2023-04-11 09:38:46  INF  Request finished HTTP/2 GET https://localhost:7285/api/Stations/id/114 - - - 200 - application/json;+charset=utf-8 502.9680ms
2023-04-11 10:35:13  INF  Now listening on: https://localhost:7285
2023-04-11 10:35:13  INF  Now listening on: http://localhost:5285
2023-04-11 10:35:13  INF  Application started. Press Ctrl+C to shut down.
2023-04-11 10:35:13  INF  Hosting environment: Development
2023-04-11 10:35:13  INF  Content root path: C:\Users\FBUSZKIEWICZ\Documents\GitHub\filip_b\AirQualityApi\AirQualityApi\
2023-04-11 10:35:15  INF  Request starting HTTP/2 GET https://localhost:7285/swagger/index.html - -
2023-04-11 10:35:17  INF  Request finished HTTP/2 GET https://localhost:7285/swagger/index.html - - - 200 - text/html;charset=utf-8 1998.4940ms
2023-04-11 10:35:17  INF  Request starting HTTP/2 GET https://localhost:7285/_vs/browserLink - -
2023-04-11 10:35:17  INF  Request starting HTTP/2 GET https://localhost:7285/_framework/aspnetcore-browser-refresh.js - -
2023-04-11 10:35:17  INF  Request finished HTTP/2 GET https://localhost:7285/_framework/aspnetcore-browser-refresh.js - - - 200 11996 application/javascript;+charset=utf-8 193.1922ms
2023-04-11 10:35:17  INF  Request finished HTTP/2 GET https://localhost:7285/_vs/browserLink - - - 200 - text/javascript;+charset=UTF-8 666.2914ms
2023-04-11 10:35:17  INF  Request starting HTTP/2 GET https://localhost:7285/swagger/v1/swagger.json - -
2023-04-11 10:35:18  INF  Request finished HTTP/2 GET https://localhost:7285/swagger/v1/swagger.json - - - 200 - application/json;charset=utf-8 272.9304ms
2023-04-11 10:35:21  INF  Request starting HTTP/2 GET https://localhost:7285/api/Stations - -
2023-04-11 10:35:21  INF  Executing endpoint 'AirQualityApi.Controllers.StationsController.GetAllStations (AirQualityApi)'
2023-04-11 10:35:21  INF  Route matched with {action = "GetAllStations", controller = "Stations"}. Executing controller action with signature System.Threading.Tasks.Task`1[Microsoft.AspNetCore.Mvc.IActionResult] GetAllStations() on controller AirQualityApi.Controllers.StationsController (AirQualityApi).
2023-04-11 10:35:28  INF  Executed DbCommand (135ms) [Parameters=[], CommandType='"Text"', CommandTimeout='30']
SELECT [s].[Id], [s].[AddressStreet], [s].[CityId], [s].[GegrLat], [s].[GegrLon], [s].[StationName], [c].[Id], [c].[Name]
FROM [Stations] AS [s]
INNER JOIN [Cities] AS [c] ON [s].[CityId] = [c].[Id]
2023-04-11 10:35:28  INF  Executing OkObjectResult, writing value of type 'System.Collections.Generic.List`1[[AirQualityApi.Db.Models.Station, AirQualityApi.Db.Models, Version=1.0.0.0, Culture=neutral, PublicKeyToken=null]]'.
2023-04-11 10:35:28  INF  Executed action AirQualityApi.Controllers.StationsController.GetAllStations (AirQualityApi) in 6875.2548ms
2023-04-11 10:35:28  INF  Executed endpoint 'AirQualityApi.Controllers.StationsController.GetAllStations (AirQualityApi)'
2023-04-11 10:35:28  INF  Request finished HTTP/2 GET https://localhost:7285/api/Stations - - - 200 - application/json;+charset=utf-8 7120.1162ms
