2023-04-06 08:14:34  INF  Executed DbCommand (13ms) [Parameters=[], CommandType='"Text"', CommandTimeout='30']
SELECT 1
2023-04-06 08:14:34  INF  Executed DbCommand (10ms) [Parameters=[], CommandType='"Text"', CommandTimeout='30']
SELECT OBJECT_ID(N'[__EFMigrationsHistory]');
2023-04-06 08:14:34  INF  Executed DbCommand (4ms) [Parameters=[], CommandType='"Text"', CommandTimeout='30']
SELECT [MigrationId], [ProductVersion]
FROM [__EFMigrationsHistory]
ORDER BY [MigrationId];
2023-04-06 08:14:44  INF  Executed DbCommand (11ms) [Parameters=[], CommandType='"Text"', CommandTimeout='30']
SELECT 1
2023-04-06 08:14:44  INF  Executed DbCommand (10ms) [Parameters=[], CommandType='"Text"', CommandTimeout='30']
SELECT OBJECT_ID(N'[__EFMigrationsHistory]');
2023-04-06 08:14:44  INF  Executed DbCommand (1ms) [Parameters=[], CommandType='"Text"', CommandTimeout='30']
SELECT 1
2023-04-06 08:14:44  INF  Executed DbCommand (0ms) [Parameters=[], CommandType='"Text"', CommandTimeout='30']
SELECT OBJECT_ID(N'[__EFMigrationsHistory]');
2023-04-06 08:14:44  INF  Executed DbCommand (1ms) [Parameters=[], CommandType='"Text"', CommandTimeout='30']
SELECT [MigrationId], [ProductVersion]
FROM [__EFMigrationsHistory]
ORDER BY [MigrationId];
2023-04-06 08:14:44  INF  Reverting migration '20230405121757_InitialMigration'.
2023-04-06 08:14:44  INF  Executed DbCommand (8ms) [Parameters=[], CommandType='"Text"', CommandTimeout='30']
DROP TABLE [Sensors];
2023-04-06 08:14:44  INF  Executed DbCommand (2ms) [Parameters=[], CommandType='"Text"', CommandTimeout='30']
DROP TABLE [SensorParams];
2023-04-06 08:14:44  INF  Executed DbCommand (1ms) [Parameters=[], CommandType='"Text"', CommandTimeout='30']
DROP TABLE [Stations];
2023-04-06 08:14:44  INF  Executed DbCommand (1ms) [Parameters=[], CommandType='"Text"', CommandTimeout='30']
DROP TABLE [Cities];
2023-04-06 08:14:44  INF  Executed DbCommand (1ms) [Parameters=[], CommandType='"Text"', CommandTimeout='30']
DELETE FROM [__EFMigrationsHistory]
WHERE [MigrationId] = N'20230405121757_InitialMigration';
2023-04-06 08:22:42  INF  Executed DbCommand (11ms) [Parameters=[], CommandType='"Text"', CommandTimeout='30']
SELECT 1
2023-04-06 08:22:42  INF  Executed DbCommand (10ms) [Parameters=[], CommandType='"Text"', CommandTimeout='30']
SELECT OBJECT_ID(N'[__EFMigrationsHistory]');
2023-04-06 08:22:42  INF  Executed DbCommand (1ms) [Parameters=[], CommandType='"Text"', CommandTimeout='30']
SELECT 1
2023-04-06 08:22:42  INF  Executed DbCommand (0ms) [Parameters=[], CommandType='"Text"', CommandTimeout='30']
SELECT OBJECT_ID(N'[__EFMigrationsHistory]');
2023-04-06 08:22:42  INF  Executed DbCommand (1ms) [Parameters=[], CommandType='"Text"', CommandTimeout='30']
SELECT [MigrationId], [ProductVersion]
FROM [__EFMigrationsHistory]
ORDER BY [MigrationId];
2023-04-06 08:22:42  INF  Applying migration '20230406072231_FirstMigration'.
2023-04-06 08:22:42  INF  Executed DbCommand (2ms) [Parameters=[], CommandType='"Text"', CommandTimeout='30']
CREATE TABLE [Cities] (
    [Id] int NOT NULL IDENTITY,
    [Name] nvarchar(max) NOT NULL,
    CONSTRAINT [PK_Cities] PRIMARY KEY ([Id])
);
2023-04-06 08:22:42  INF  Executed DbCommand (1ms) [Parameters=[], CommandType='"Text"', CommandTimeout='30']
CREATE TABLE [SensorParams] (
    [IdParam] int NOT NULL IDENTITY,
    [ParamName] nvarchar(max) NOT NULL,
    [ParamCode] nvarchar(max) NOT NULL,
    [ParamFormula] nvarchar(max) NOT NULL,
    CONSTRAINT [PK_SensorParams] PRIMARY KEY ([IdParam])
);
2023-04-06 08:22:42  INF  Executed DbCommand (1ms) [Parameters=[], CommandType='"Text"', CommandTimeout='30']
CREATE TABLE [Stations] (
    [Id] int NOT NULL IDENTITY,
    [StationName] nvarchar(max) NULL,
    [GegrLat] nvarchar(max) NULL,
    [GegrLon] nvarchar(max) NULL,
    [CityId] int NOT NULL,
    [AddressStreet] nvarchar(max) NULL,
    CONSTRAINT [PK_Stations] PRIMARY KEY ([Id]),
    CONSTRAINT [FK_Stations_Cities_CityId] FOREIGN KEY ([CityId]) REFERENCES [Cities] ([Id]) ON DELETE CASCADE
);
2023-04-06 08:22:42  INF  Executed DbCommand (1ms) [Parameters=[], CommandType='"Text"', CommandTimeout='30']
CREATE TABLE [Sensors] (
    [Id] int NOT NULL IDENTITY,
    [StationId] int NOT NULL,
    [ParamIdParam] int NOT NULL,
    CONSTRAINT [PK_Sensors] PRIMARY KEY ([Id]),
    CONSTRAINT [FK_Sensors_SensorParams_ParamIdParam] FOREIGN KEY ([ParamIdParam]) REFERENCES [SensorParams] ([IdParam]) ON DELETE CASCADE
);
2023-04-06 08:22:42  INF  Executed DbCommand (1ms) [Parameters=[], CommandType='"Text"', CommandTimeout='30']
CREATE INDEX [IX_Sensors_ParamIdParam] ON [Sensors] ([ParamIdParam]);
2023-04-06 08:22:42  INF  Executed DbCommand (0ms) [Parameters=[], CommandType='"Text"', CommandTimeout='30']
CREATE INDEX [IX_Stations_CityId] ON [Stations] ([CityId]);
2023-04-06 08:22:42  INF  Executed DbCommand (1ms) [Parameters=[], CommandType='"Text"', CommandTimeout='30']
INSERT INTO [__EFMigrationsHistory] ([MigrationId], [ProductVersion])
VALUES (N'20230406072231_FirstMigration', N'7.0.4');
2023-04-06 09:43:54  INF  Now listening on: https://localhost:7285
2023-04-06 09:43:54  INF  Now listening on: http://localhost:5285
2023-04-06 09:43:54  INF  Application started. Press Ctrl+C to shut down.
2023-04-06 09:43:54  INF  Hosting environment: Development
2023-04-06 09:43:54  INF  Content root path: C:\Users\FBUSZKIEWICZ\Documents\GitHub\filip_b\AirQualityApi\AirQualityApi\
2023-04-06 09:43:57  INF  Request starting HTTP/2 GET https://localhost:7285/swagger/index.html - -
2023-04-06 09:43:59  INF  Request finished HTTP/2 GET https://localhost:7285/swagger/index.html - - - 200 - text/html;charset=utf-8 1805.9243ms
2023-04-06 09:43:59  INF  Request starting HTTP/2 GET https://localhost:7285/_framework/aspnetcore-browser-refresh.js - -
2023-04-06 09:43:59  INF  Request starting HTTP/2 GET https://localhost:7285/_vs/browserLink - -
2023-04-06 09:43:59  INF  Request finished HTTP/2 GET https://localhost:7285/_framework/aspnetcore-browser-refresh.js - - - 200 11996 application/javascript;+charset=utf-8 184.4784ms
2023-04-06 09:44:00  INF  Request finished HTTP/2 GET https://localhost:7285/_vs/browserLink - - - 200 - text/javascript;+charset=UTF-8 798.7537ms
2023-04-06 09:44:00  INF  Request starting HTTP/2 GET https://localhost:7285/swagger/v1/swagger.json - -
2023-04-06 09:44:01  INF  Request finished HTTP/2 GET https://localhost:7285/swagger/v1/swagger.json - - - 200 - application/json;charset=utf-8 690.4967ms
2023-04-06 09:44:07  INF  Request starting HTTP/2 GET https://localhost:7285/api/Stations - -
2023-04-06 09:44:07  INF  Executing endpoint 'AirQualityApi.Controllers.StationsController.GetAllStations (AirQualityApi)'
2023-04-06 09:44:08  INF  Route matched with {action = "GetAllStations", controller = "Stations"}. Executing controller action with signature System.Threading.Tasks.Task`1[Microsoft.AspNetCore.Mvc.IActionResult] GetAllStations() on controller AirQualityApi.Controllers.StationsController (AirQualityApi).
2023-04-06 09:44:17  INF  Executed DbCommand (308ms) [Parameters=[], CommandType='"Text"', CommandTimeout='30']
SELECT [s].[Id], [s].[AddressStreet], [s].[CityId], [s].[GegrLat], [s].[GegrLon], [s].[StationName], [c].[Id], [c].[Name]
FROM [Stations] AS [s]
INNER JOIN [Cities] AS [c] ON [s].[CityId] = [c].[Id]
2023-04-06 09:44:18  INF  Executing OkObjectResult, writing value of type 'System.Collections.Generic.List`1[[AirQualityApi.Db.Models.Station, AirQualityApi.Db.Models, Version=1.0.0.0, Culture=neutral, PublicKeyToken=null]]'.
2023-04-06 09:44:18  INF  Executed action AirQualityApi.Controllers.StationsController.GetAllStations (AirQualityApi) in 10217.4784ms
2023-04-06 09:44:18  INF  Executed endpoint 'AirQualityApi.Controllers.StationsController.GetAllStations (AirQualityApi)'
2023-04-06 09:44:18  INF  Request finished HTTP/2 GET https://localhost:7285/api/Stations - - - 200 - application/json;+charset=utf-8 10795.9276ms
2023-04-06 09:44:41  INF  Request starting HTTP/2 GET https://localhost:7285/api/Stations/id/114 - -
2023-04-06 09:44:41  INF  Executing endpoint 'AirQualityApi.Controllers.StationsController.GetSensorDataById (AirQualityApi)'
2023-04-06 09:44:41  INF  Route matched with {action = "GetSensorDataById", controller = "Stations"}. Executing controller action with signature System.Threading.Tasks.Task`1[Microsoft.AspNetCore.Mvc.IActionResult] GetSensorDataById(Int32) on controller AirQualityApi.Controllers.StationsController (AirQualityApi).
2023-04-06 09:44:41  INF  Executed DbCommand (151ms) [Parameters=[@__stationId_0='?' (DbType = Int32)], CommandType='"Text"', CommandTimeout='30']
SELECT [s].[Id], [s].[ParamIdParam], [s].[StationId]
FROM [Sensors] AS [s]
WHERE [s].[StationId] = @__stationId_0
2023-04-06 09:44:41  INF  Executing OkObjectResult, writing value of type 'System.Collections.Generic.List`1[[AirQualityApi.Db.Models.Sensor, AirQualityApi.Db.Models, Version=1.0.0.0, Culture=neutral, PublicKeyToken=null]]'.
2023-04-06 09:44:41  INF  Executed action AirQualityApi.Controllers.StationsController.GetSensorDataById (AirQualityApi) in 330.4781ms
2023-04-06 09:44:41  INF  Executed endpoint 'AirQualityApi.Controllers.StationsController.GetSensorDataById (AirQualityApi)'
2023-04-06 09:44:41  INF  Request finished HTTP/2 GET https://localhost:7285/api/Stations/id/114 - - - 200 - application/json;+charset=utf-8 394.0334ms
2023-04-06 09:46:12  INF  Now listening on: https://localhost:7285
2023-04-06 09:46:12  INF  Now listening on: http://localhost:5285
2023-04-06 09:46:12  INF  Application started. Press Ctrl+C to shut down.
2023-04-06 09:46:12  INF  Hosting environment: Development
2023-04-06 09:46:12  INF  Content root path: C:\Users\FBUSZKIEWICZ\Documents\GitHub\filip_b\AirQualityApi\AirQualityApi\
2023-04-06 09:46:13  INF  Request starting HTTP/2 GET https://localhost:7285/swagger/index.html - -
2023-04-06 09:46:14  INF  Request finished HTTP/2 GET https://localhost:7285/swagger/index.html - - - 200 - text/html;charset=utf-8 1260.8585ms
2023-04-06 09:46:14  INF  Request starting HTTP/2 GET https://localhost:7285/_vs/browserLink - -
2023-04-06 09:46:14  INF  Request starting HTTP/2 GET https://localhost:7285/_framework/aspnetcore-browser-refresh.js - -
2023-04-06 09:46:14  INF  Request finished HTTP/2 GET https://localhost:7285/_framework/aspnetcore-browser-refresh.js - - - 200 11996 application/javascript;+charset=utf-8 31.4566ms
2023-04-06 09:46:15  INF  Request finished HTTP/2 GET https://localhost:7285/_vs/browserLink - - - 200 - text/javascript;+charset=UTF-8 189.6129ms
2023-04-06 09:46:15  INF  Request starting HTTP/2 GET https://localhost:7285/swagger/v1/swagger.json - -
2023-04-06 09:46:15  INF  Request finished HTTP/2 GET https://localhost:7285/swagger/v1/swagger.json - - - 200 - application/json;charset=utf-8 296.8986ms
2023-04-06 09:46:21  INF  Request starting HTTP/2 GET https://localhost:7285/api/Stations/id/114 - -
2023-04-06 09:46:21  INF  Executing endpoint 'AirQualityApi.Controllers.StationsController.GetSensorDataById (AirQualityApi)'
2023-04-06 09:46:21  INF  Route matched with {action = "GetSensorDataById", controller = "Stations"}. Executing controller action with signature System.Threading.Tasks.Task`1[Microsoft.AspNetCore.Mvc.IActionResult] GetSensorDataById(Int32) on controller AirQualityApi.Controllers.StationsController (AirQualityApi).
2023-04-06 09:46:25  INF  Executed DbCommand (155ms) [Parameters=[@__stationId_0='?' (DbType = Int32)], CommandType='"Text"', CommandTimeout='30']
SELECT [s].[Id], [s].[ParamIdParam], [s].[StationId], [s0].[IdParam], [s0].[ParamCode], [s0].[ParamFormula], [s0].[ParamName]
FROM [Sensors] AS [s]
INNER JOIN [SensorParams] AS [s0] ON [s].[ParamIdParam] = [s0].[IdParam]
WHERE [s].[StationId] = @__stationId_0
2023-04-06 09:46:25  INF  Executing OkObjectResult, writing value of type 'System.Collections.Generic.List`1[[AirQualityApi.Db.Models.Sensor, AirQualityApi.Db.Models, Version=1.0.0.0, Culture=neutral, PublicKeyToken=null]]'.
2023-04-06 09:46:25  INF  Executed action AirQualityApi.Controllers.StationsController.GetSensorDataById (AirQualityApi) in 3862.0699ms
2023-04-06 09:46:25  INF  Executed endpoint 'AirQualityApi.Controllers.StationsController.GetSensorDataById (AirQualityApi)'
2023-04-06 09:46:25  INF  Request finished HTTP/2 GET https://localhost:7285/api/Stations/id/114 - - - 200 - application/json;+charset=utf-8 4004.7767ms
2023-04-06 13:48:34  INF  Now listening on: https://localhost:7285
2023-04-06 13:48:34  INF  Now listening on: http://localhost:5285
2023-04-06 13:48:34  INF  Application started. Press Ctrl+C to shut down.
2023-04-06 13:48:34  INF  Hosting environment: Development
2023-04-06 13:48:34  INF  Content root path: C:\Users\FBUSZKIEWICZ\Documents\GitHub\filip_b\AirQualityApi\AirQualityApi\
2023-04-06 13:48:35  INF  Request starting HTTP/2 GET https://localhost:7285/swagger/index.html - -
2023-04-06 13:48:36  INF  Request finished HTTP/2 GET https://localhost:7285/swagger/index.html - - - 200 - text/html;charset=utf-8 605.8833ms
2023-04-06 13:48:36  INF  Request starting HTTP/2 GET https://localhost:7285/_framework/aspnetcore-browser-refresh.js - -
2023-04-06 13:48:36  INF  Request finished HTTP/2 GET https://localhost:7285/_framework/aspnetcore-browser-refresh.js - - - 200 11996 application/javascript;+charset=utf-8 6.4666ms
2023-04-06 13:48:36  INF  Request starting HTTP/2 GET https://localhost:7285/_vs/browserLink - -
2023-04-06 13:48:36  INF  Request finished HTTP/2 GET https://localhost:7285/_vs/browserLink - - - 200 - text/javascript;+charset=UTF-8 20.1905ms
2023-04-06 13:48:36  INF  Request starting HTTP/2 GET https://localhost:7285/swagger/v1/swagger.json - -
2023-04-06 13:48:36  INF  Request finished HTTP/2 GET https://localhost:7285/swagger/v1/swagger.json - - - 200 - application/json;charset=utf-8 104.8882ms
2023-04-06 13:48:39  INF  Request starting HTTP/2 GET https://localhost:7285/api/Stations - -
2023-04-06 13:48:39  INF  Executing endpoint 'AirQualityApi.Controllers.StationsController.GetAllStations (AirQualityApi)'
2023-04-06 13:48:39  INF  Route matched with {action = "GetAllStations", controller = "Stations"}. Executing controller action with signature System.Threading.Tasks.Task`1[Microsoft.AspNetCore.Mvc.IActionResult] GetAllStations() on controller AirQualityApi.Controllers.StationsController (AirQualityApi).
2023-04-06 13:48:46  INF  Executed DbCommand (56ms) [Parameters=[], CommandType='"Text"', CommandTimeout='30']
SELECT [s].[Id], [s].[AddressStreet], [s].[CityId], [s].[GegrLat], [s].[GegrLon], [s].[StationName], [c].[Id], [c].[Name]
FROM [Stations] AS [s]
INNER JOIN [Cities] AS [c] ON [s].[CityId] = [c].[Id]
2023-04-06 13:48:46  INF  Executing OkObjectResult, writing value of type 'System.Collections.Generic.List`1[[AirQualityApi.Db.Models.Station, AirQualityApi.Db.Models, Version=1.0.0.0, Culture=neutral, PublicKeyToken=null]]'.
2023-04-06 13:48:46  INF  Executed action AirQualityApi.Controllers.StationsController.GetAllStations (AirQualityApi) in 7334.5507ms
2023-04-06 13:48:46  INF  Executed endpoint 'AirQualityApi.Controllers.StationsController.GetAllStations (AirQualityApi)'
2023-04-06 13:48:46  INF  Request finished HTTP/2 GET https://localhost:7285/api/Stations - - - 200 - application/json;+charset=utf-8 7396.0534ms
2023-04-06 13:49:10  INF  Request starting HTTP/2 GET https://localhost:7285/api/Stations/id/114 - -
2023-04-06 13:49:10  INF  Executing endpoint 'AirQualityApi.Controllers.StationsController.GetSensorDataById (AirQualityApi)'
2023-04-06 13:49:10  INF  Route matched with {action = "GetSensorDataById", controller = "Stations"}. Executing controller action with signature System.Threading.Tasks.Task`1[Microsoft.AspNetCore.Mvc.IActionResult] GetSensorDataById(Int32) on controller AirQualityApi.Controllers.StationsController (AirQualityApi).
2023-04-06 13:49:10  INF  Executed DbCommand (41ms) [Parameters=[@__stationId_0='?' (DbType = Int32)], CommandType='"Text"', CommandTimeout='30']
SELECT [s].[Id], [s].[ParamIdParam], [s].[StationId], [s0].[IdParam], [s0].[ParamCode], [s0].[ParamFormula], [s0].[ParamName]
FROM [Sensors] AS [s]
INNER JOIN [SensorParams] AS [s0] ON [s].[ParamIdParam] = [s0].[IdParam]
WHERE [s].[StationId] = @__stationId_0
2023-04-06 13:49:10  INF  Executing OkObjectResult, writing value of type 'System.Collections.Generic.List`1[[AirQualityApi.Db.Models.Sensor, AirQualityApi.Db.Models, Version=1.0.0.0, Culture=neutral, PublicKeyToken=null]]'.
2023-04-06 13:49:10  INF  Executed action AirQualityApi.Controllers.StationsController.GetSensorDataById (AirQualityApi) in 114.1832ms
2023-04-06 13:49:10  INF  Executed endpoint 'AirQualityApi.Controllers.StationsController.GetSensorDataById (AirQualityApi)'
2023-04-06 13:49:10  INF  Request finished HTTP/2 GET https://localhost:7285/api/Stations/id/114 - - - 200 - application/json;+charset=utf-8 138.0809ms
