2023-03-27 07:47:42  INF  Now listening on: https://localhost:7285
2023-03-27 07:47:42  INF  Now listening on: http://localhost:5285
2023-03-27 07:47:42  INF  Application started. Press Ctrl+C to shut down.
2023-03-27 07:47:42  INF  Hosting environment: Development
2023-03-27 07:47:42  INF  Content root path: C:\Users\FBUSZKIEWICZ\Documents\GitHub\filip_b\AirQualityApi\AirQualityApi\
2023-03-27 07:47:43  INF  Request starting HTTP/2 GET https://localhost:7285/swagger/index.html - -
2023-03-27 07:47:43  INF  Request finished HTTP/2 GET https://localhost:7285/swagger/index.html - - - 200 - text/html;charset=utf-8 333.6978ms
2023-03-27 07:47:43  INF  Request starting HTTP/2 GET https://localhost:7285/_framework/aspnetcore-browser-refresh.js - -
2023-03-27 07:47:43  INF  Request finished HTTP/2 GET https://localhost:7285/_framework/aspnetcore-browser-refresh.js - - - 200 11996 application/javascript;+charset=utf-8 4.9159ms
2023-03-27 07:47:43  INF  Request starting HTTP/2 GET https://localhost:7285/_vs/browserLink - -
2023-03-27 07:47:43  INF  Request finished HTTP/2 GET https://localhost:7285/_vs/browserLink - - - 200 - text/javascript;+charset=UTF-8 37.5978ms
2023-03-27 07:47:43  INF  Request starting HTTP/2 GET https://localhost:7285/swagger/v1/swagger.json - -
2023-03-27 07:47:44  INF  Request finished HTTP/2 GET https://localhost:7285/swagger/v1/swagger.json - - - 200 - application/json;charset=utf-8 75.4003ms
2023-03-27 07:47:51  INF  Request starting HTTP/2 GET https://localhost:7285/api/Stations/id/144 - -
2023-03-27 07:47:51  INF  Executing endpoint 'AirQualityApi.Controllers.StationsController.GetSensorDataById (AirQualityApi)'
2023-03-27 07:47:51  INF  Route matched with {action = "GetSensorDataById", controller = "Stations"}. Executing controller action with signature System.Threading.Tasks.Task`1[Microsoft.AspNetCore.Mvc.IActionResult] GetSensorDataById(Int32) on controller AirQualityApi.Controllers.StationsController (AirQualityApi).
2023-03-27 07:48:08  INF  Retrieving the data...
2023-03-27 07:48:18  INF  Start processing HTTP request GET "https://api.gios.gov.pl/pjp-api/rest/station/sensors/144"
2023-03-27 07:48:18  INF  Sending HTTP request GET "https://api.gios.gov.pl/pjp-api/rest/station/sensors/144"
2023-03-27 07:48:20  INF  Received HTTP response headers after 1567.4549ms - 200
2023-03-27 07:48:20  INF  End processing HTTP request after 1582.7958ms - 200
2023-03-27 07:48:48  INF  Executed action AirQualityApi.Controllers.StationsController.GetSensorDataById (AirQualityApi) in 57158.748ms
2023-03-27 07:48:48  INF  Executed endpoint 'AirQualityApi.Controllers.StationsController.GetSensorDataById (AirQualityApi)'
2023-03-27 07:48:48  INF  Request finished HTTP/2 GET https://localhost:7285/api/Stations/id/144 - - - 404 - application/json;+charset=utf-8 57241.8586ms
2023-03-27 09:54:45  INF  Now listening on: https://localhost:7285
2023-03-27 09:54:45  INF  Now listening on: http://localhost:5285
2023-03-27 09:54:45  INF  Application started. Press Ctrl+C to shut down.
2023-03-27 09:54:45  INF  Hosting environment: Development
2023-03-27 09:54:45  INF  Content root path: C:\Users\FBUSZKIEWICZ\Documents\GitHub\filip_b\AirQualityApi\AirQualityApi\
2023-03-27 09:54:47  INF  Request starting HTTP/2 GET https://localhost:7285/swagger/index.html - -
2023-03-27 09:54:48  INF  Request finished HTTP/2 GET https://localhost:7285/swagger/index.html - - - 200 - text/html;charset=utf-8 950.3691ms
2023-03-27 09:54:48  INF  Request starting HTTP/2 GET https://localhost:7285/_framework/aspnetcore-browser-refresh.js - -
2023-03-27 09:54:48  INF  Request starting HTTP/2 GET https://localhost:7285/_vs/browserLink - -
2023-03-27 09:54:48  INF  Request finished HTTP/2 GET https://localhost:7285/_framework/aspnetcore-browser-refresh.js - - - 200 11996 application/javascript;+charset=utf-8 39.0197ms
2023-03-27 09:54:48  INF  Request finished HTTP/2 GET https://localhost:7285/_vs/browserLink - - - 200 - text/javascript;+charset=UTF-8 300.4542ms
2023-03-27 09:54:48  INF  Request starting HTTP/2 GET https://localhost:7285/swagger/v1/swagger.json - -
2023-03-27 09:54:49  INF  Request finished HTTP/2 GET https://localhost:7285/swagger/v1/swagger.json - - - 200 - application/json;charset=utf-8 520.7013ms
2023-03-27 09:55:00  INF  Request starting HTTP/2 GET https://localhost:7285/api/Stations/id/144 - -
2023-03-27 09:55:00  INF  Executing endpoint 'AirQualityApi.Controllers.StationsController.GetSensorDataById (AirQualityApi)'
2023-03-27 09:55:00  INF  Route matched with {action = "GetSensorDataById", controller = "Stations"}. Executing controller action with signature System.Threading.Tasks.Task`1[Microsoft.AspNetCore.Mvc.IActionResult] GetSensorDataById(Int32) on controller AirQualityApi.Controllers.StationsController (AirQualityApi).
2023-03-27 09:55:00  INF  Retrieving the data...
2023-03-27 09:55:01  INF  Start processing HTTP request GET "https://api.gios.gov.pl/pjp-api/rest/station/sensors/144"
2023-03-27 09:55:01  INF  Sending HTTP request GET "https://api.gios.gov.pl/pjp-api/rest/station/sensors/144"
2023-03-27 09:55:01  INF  Received HTTP response headers after 869.2407ms - 200
2023-03-27 09:55:01  INF  End processing HTTP request after 904.6554ms - 200
2023-03-27 09:55:19  INF  Executed action AirQualityApi.Controllers.StationsController.GetSensorDataById (AirQualityApi) in 18225.1891ms
2023-03-27 09:55:19  INF  Executed endpoint 'AirQualityApi.Controllers.StationsController.GetSensorDataById (AirQualityApi)'
2023-03-27 09:55:30  INF  Request finished HTTP/2 GET https://localhost:7285/api/Stations/id/144 - - - 404 - application/json;+charset=utf-8 30031.2984ms
