2023-03-23 09:42:39  INF  Now listening on: https://localhost:7285
2023-03-23 09:42:39  INF  Now listening on: http://localhost:5285
2023-03-23 09:42:39  INF  Application started. Press Ctrl+C to shut down.
2023-03-23 09:42:39  INF  Hosting environment: Development
2023-03-23 09:42:39  INF  Content root path: C:\Users\FBUSZKIEWICZ\Documents\GitHub\filip_b\AirQualityApi\AirQualityApi\
2023-03-23 09:42:40  INF  Request starting HTTP/2 GET https://localhost:7285/swagger/index.html - -
2023-03-23 09:42:42  INF  Request finished HTTP/2 GET https://localhost:7285/swagger/index.html - - - 200 - text/html;charset=utf-8 1671.6878ms
2023-03-23 09:42:42  INF  Request starting HTTP/2 GET https://localhost:7285/_framework/aspnetcore-browser-refresh.js - -
2023-03-23 09:42:42  INF  Request starting HTTP/2 GET https://localhost:7285/_vs/browserLink - -
2023-03-23 09:42:42  INF  Request finished HTTP/2 GET https://localhost:7285/_framework/aspnetcore-browser-refresh.js - - - 200 11996 application/javascript;+charset=utf-8 141.1849ms
2023-03-23 09:42:43  INF  Request finished HTTP/2 GET https://localhost:7285/_vs/browserLink - - - 200 - text/javascript;+charset=UTF-8 483.4682ms
2023-03-23 09:42:43  INF  Request starting HTTP/2 GET https://localhost:7285/swagger/v1/swagger.json - -
2023-03-23 09:42:43  INF  Request finished HTTP/2 GET https://localhost:7285/swagger/v1/swagger.json - - - 200 - application/json;charset=utf-8 529.7956ms
2023-03-23 09:42:48  INF  Request starting HTTP/2 GET https://localhost:7285/api/Stations/id/144 - -
2023-03-23 09:42:48  INF  Executing endpoint 'AirQualityApi.Controllers.StationsController.GetSensorDataById (AirQualityApi)'
2023-03-23 09:42:49  INF  Route matched with {action = "GetSensorDataById", controller = "Stations"}. Executing controller action with signature System.Threading.Tasks.Task`1[Microsoft.AspNetCore.Mvc.IActionResult] GetSensorDataById(Int32) on controller AirQualityApi.Controllers.StationsController (AirQualityApi).
2023-03-23 09:42:49  INF  Retrieving the data...
2023-03-23 09:42:49  INF  Start processing HTTP request GET "https://api.gios.gov.pl/pjp-api/rest/station/sensors/144"
2023-03-23 09:42:49  INF  Sending HTTP request GET "https://api.gios.gov.pl/pjp-api/rest/station/sensors/144"
2023-03-23 09:42:52  INF  Received HTTP response headers after 2629.512ms - 200
2023-03-23 09:42:52  INF  End processing HTTP request after 2752.6611ms - 200
2023-03-23 09:42:52  ERR  An error occured while retrieving the data
2023-03-23 09:42:52  INF  Executed action AirQualityApi.Controllers.StationsController.GetSensorDataById (AirQualityApi) in 3713.8448ms
2023-03-23 09:42:52  INF  Executed endpoint 'AirQualityApi.Controllers.StationsController.GetSensorDataById (AirQualityApi)'
2023-03-23 09:42:53  INF  Request finished HTTP/2 GET https://localhost:7285/api/Stations/id/144 - - - 404 - application/json;+charset=utf-8 4345.3326ms
2023-03-23 09:42:59  INF  Request starting HTTP/2 GET https://localhost:7285/api/Stations/id/114 - -
2023-03-23 09:42:59  INF  Executing endpoint 'AirQualityApi.Controllers.StationsController.GetSensorDataById (AirQualityApi)'
2023-03-23 09:42:59  INF  Route matched with {action = "GetSensorDataById", controller = "Stations"}. Executing controller action with signature System.Threading.Tasks.Task`1[Microsoft.AspNetCore.Mvc.IActionResult] GetSensorDataById(Int32) on controller AirQualityApi.Controllers.StationsController (AirQualityApi).
2023-03-23 09:42:59  INF  Retrieving the data...
2023-03-23 09:42:59  INF  Start processing HTTP request GET "https://api.gios.gov.pl/pjp-api/rest/station/sensors/114"
2023-03-23 09:42:59  INF  Sending HTTP request GET "https://api.gios.gov.pl/pjp-api/rest/station/sensors/114"
2023-03-23 09:43:00  INF  Received HTTP response headers after 659.0887ms - 200
2023-03-23 09:43:00  INF  End processing HTTP request after 668.468ms - 200
2023-03-23 09:43:00  INF  Successfully retrieved the station with given ID: 114
2023-03-23 09:43:00  INF  Executing OkObjectResult, writing value of type 'System.Collections.Generic.List`1[[AirQualityApi.Models.Sensor, AirQualityApi, Version=1.0.0.0, Culture=neutral, PublicKeyToken=null]]'.
2023-03-23 09:43:00  INF  Executed action AirQualityApi.Controllers.StationsController.GetSensorDataById (AirQualityApi) in 705.0579ms
2023-03-23 09:43:00  INF  Executed endpoint 'AirQualityApi.Controllers.StationsController.GetSensorDataById (AirQualityApi)'
2023-03-23 09:43:00  INF  Request finished HTTP/2 GET https://localhost:7285/api/Stations/id/114 - - - 200 - application/json;+charset=utf-8 722.4341ms
2023-03-23 10:55:47  INF  Now listening on: https://localhost:7285
2023-03-23 10:55:47  INF  Now listening on: http://localhost:5285
2023-03-23 10:55:47  INF  Application started. Press Ctrl+C to shut down.
2023-03-23 10:55:47  INF  Hosting environment: Development
2023-03-23 10:55:47  INF  Content root path: C:\Users\FBUSZKIEWICZ\Documents\GitHub\filip_b\AirQualityApi\AirQualityApi\
2023-03-23 10:55:48  INF  Request starting HTTP/2 GET https://localhost:7285/swagger/index.html - -
2023-03-23 10:55:48  INF  Request finished HTTP/2 GET https://localhost:7285/swagger/index.html - - - 200 - text/html;charset=utf-8 327.1324ms
2023-03-23 10:55:48  INF  Request starting HTTP/2 GET https://localhost:7285/_framework/aspnetcore-browser-refresh.js - -
2023-03-23 10:55:48  INF  Request starting HTTP/2 GET https://localhost:7285/_vs/browserLink - -
2023-03-23 10:55:48  INF  Request finished HTTP/2 GET https://localhost:7285/_framework/aspnetcore-browser-refresh.js - - - 200 11996 application/javascript;+charset=utf-8 17.0794ms
2023-03-23 10:55:48  INF  Request finished HTTP/2 GET https://localhost:7285/_vs/browserLink - - - 200 - text/javascript;+charset=UTF-8 27.1538ms
2023-03-23 10:55:48  INF  Request starting HTTP/2 GET https://localhost:7285/swagger/v1/swagger.json - -
2023-03-23 10:55:48  INF  Request finished HTTP/2 GET https://localhost:7285/swagger/v1/swagger.json - - - 200 - application/json;charset=utf-8 122.9617ms
2023-03-23 11:05:50  INF  Now listening on: https://localhost:7285
2023-03-23 11:05:50  INF  Now listening on: http://localhost:5285
2023-03-23 11:05:50  INF  Application started. Press Ctrl+C to shut down.
2023-03-23 11:05:50  INF  Hosting environment: Development
2023-03-23 11:05:50  INF  Content root path: C:\Users\FBUSZKIEWICZ\Documents\GitHub\filip_b\AirQualityApi\AirQualityApi\
2023-03-23 11:05:51  INF  Request starting HTTP/2 GET https://localhost:7285/swagger/index.html - -
2023-03-23 11:05:51  INF  Request finished HTTP/2 GET https://localhost:7285/swagger/index.html - - - 200 - text/html;charset=utf-8 322.1278ms
2023-03-23 11:05:51  INF  Request starting HTTP/2 GET https://localhost:7285/_vs/browserLink - -
2023-03-23 11:05:51  INF  Request starting HTTP/2 GET https://localhost:7285/_framework/aspnetcore-browser-refresh.js - -
2023-03-23 11:05:51  INF  Request finished HTTP/2 GET https://localhost:7285/_framework/aspnetcore-browser-refresh.js - - - 200 11996 application/javascript;+charset=utf-8 6.1034ms
2023-03-23 11:05:51  INF  Request finished HTTP/2 GET https://localhost:7285/_vs/browserLink - - - 200 - text/javascript;+charset=UTF-8 21.8572ms
2023-03-23 11:05:51  INF  Request starting HTTP/2 GET https://localhost:7285/swagger/v1/swagger.json - -
2023-03-23 11:05:51  INF  Request finished HTTP/2 GET https://localhost:7285/swagger/v1/swagger.json - - - 200 - application/json;charset=utf-8 85.3136ms
2023-03-23 11:44:29  INF  Now listening on: https://localhost:7285
2023-03-23 11:44:30  INF  Now listening on: http://localhost:5285
2023-03-23 11:44:30  INF  Application started. Press Ctrl+C to shut down.
2023-03-23 11:44:30  INF  Hosting environment: Development
2023-03-23 11:44:30  INF  Content root path: C:\Users\FBUSZKIEWICZ\Documents\GitHub\filip_b\AirQualityApi\AirQualityApi\
2023-03-23 11:44:31  INF  Request starting HTTP/2 GET https://localhost:7285/swagger/index.html - -
2023-03-23 11:44:32  INF  Request finished HTTP/2 GET https://localhost:7285/swagger/index.html - - - 200 - text/html;charset=utf-8 925.7887ms
2023-03-23 11:44:33  INF  Request starting HTTP/2 GET https://localhost:7285/_framework/aspnetcore-browser-refresh.js - -
2023-03-23 11:44:33  INF  Request starting HTTP/2 GET https://localhost:7285/_vs/browserLink - -
2023-03-23 11:44:33  INF  Request finished HTTP/2 GET https://localhost:7285/_framework/aspnetcore-browser-refresh.js - - - 200 11996 application/javascript;+charset=utf-8 221.6597ms
2023-03-23 11:44:33  INF  Request finished HTTP/2 GET https://localhost:7285/_vs/browserLink - - - 200 - text/javascript;+charset=UTF-8 381.3540ms
2023-03-23 11:44:33  INF  Request starting HTTP/2 GET https://localhost:7285/swagger/v1/swagger.json - -
2023-03-23 11:44:34  INF  Request finished HTTP/2 GET https://localhost:7285/swagger/v1/swagger.json - - - 200 - application/json;charset=utf-8 488.9129ms
