2023-04-04 08:33:31  INF  Now listening on: https://localhost:7285
2023-04-04 08:33:31  INF  Now listening on: http://localhost:5285
2023-04-04 08:33:31  INF  Application started. Press Ctrl+C to shut down.
2023-04-04 08:33:31  INF  Hosting environment: Development
2023-04-04 08:33:31  INF  Content root path: C:\Users\FBUSZKIEWICZ\Documents\GitHub\filip_b\AirQualityApi\AirQualityApi\
2023-04-04 08:33:32  INF  Request starting HTTP/2 GET https://localhost:7285/swagger/index.html - -
2023-04-04 08:33:33  INF  Request finished HTTP/2 GET https://localhost:7285/swagger/index.html - - - 200 - text/html;charset=utf-8 706.1961ms
2023-04-04 08:33:33  INF  Request starting HTTP/2 GET https://localhost:7285/_framework/aspnetcore-browser-refresh.js - -
2023-04-04 08:33:33  INF  Request starting HTTP/2 GET https://localhost:7285/_vs/browserLink - -
2023-04-04 08:33:33  INF  Request finished HTTP/2 GET https://localhost:7285/_framework/aspnetcore-browser-refresh.js - - - 200 11996 application/javascript;+charset=utf-8 17.8389ms
2023-04-04 08:33:33  INF  Request finished HTTP/2 GET https://localhost:7285/_vs/browserLink - - - 200 - text/javascript;+charset=UTF-8 112.6408ms
2023-04-04 08:33:33  INF  Request starting HTTP/2 GET https://localhost:7285/swagger/v1/swagger.json - -
2023-04-04 08:33:33  INF  Request finished HTTP/2 GET https://localhost:7285/swagger/v1/swagger.json - - - 200 - application/json;charset=utf-8 153.7600ms
2023-04-04 08:33:49  INF  Request starting HTTP/2 GET https://localhost:7285/api/Stations - -
2023-04-04 08:33:49  INF  Executing endpoint 'AirQualityApi.Controllers.StationsController.GetAllStations (AirQualityApi)'
2023-04-04 08:33:49  INF  Route matched with {action = "GetAllStations", controller = "Stations"}. Executing controller action with signature System.Threading.Tasks.Task`1[Microsoft.AspNetCore.Mvc.IActionResult] GetAllStations() on controller AirQualityApi.Controllers.StationsController (AirQualityApi).
2023-04-04 08:33:49  INF  Retrieving the data...
2023-04-04 08:33:49  INF  Start processing HTTP request GET "https://api.gios.gov.pl/pjp-api/rest/station/findAll"
2023-04-04 08:33:49  INF  Sending HTTP request GET "https://api.gios.gov.pl/pjp-api/rest/station/findAll"
2023-04-04 08:34:01  INF  Executed action AirQualityApi.Controllers.StationsController.GetAllStations (AirQualityApi) in 11508.3092ms
2023-04-04 08:34:01  INF  Executed endpoint 'AirQualityApi.Controllers.StationsController.GetAllStations (AirQualityApi)'
2023-04-04 08:34:01  INF  Request finished HTTP/2 GET https://localhost:7285/api/Stations - - - 500 - application/json;+charset=utf-8 11729.4069ms
2023-04-04 08:34:14  INF  Request starting HTTP/2 GET https://localhost:7285/api/Stations - -
2023-04-04 08:34:14  INF  Executing endpoint 'AirQualityApi.Controllers.StationsController.GetAllStations (AirQualityApi)'
2023-04-04 08:34:14  INF  Route matched with {action = "GetAllStations", controller = "Stations"}. Executing controller action with signature System.Threading.Tasks.Task`1[Microsoft.AspNetCore.Mvc.IActionResult] GetAllStations() on controller AirQualityApi.Controllers.StationsController (AirQualityApi).
2023-04-04 08:34:14  INF  Retrieving the data...
2023-04-04 08:34:14  INF  Start processing HTTP request GET "https://api.gios.gov.pl/pjp-api/rest/station/findAll"
2023-04-04 08:34:14  INF  Sending HTTP request GET "https://api.gios.gov.pl/pjp-api/rest/station/findAll"
2023-04-04 08:34:25  INF  Executed action AirQualityApi.Controllers.StationsController.GetAllStations (AirQualityApi) in 11208.6795ms
2023-04-04 08:34:25  INF  Executed endpoint 'AirQualityApi.Controllers.StationsController.GetAllStations (AirQualityApi)'
2023-04-04 08:34:25  INF  Request finished HTTP/2 GET https://localhost:7285/api/Stations - - - 500 - application/json;+charset=utf-8 11343.1127ms
2023-04-04 08:42:35  INF  Executed DbCommand (22ms) [Parameters=[], CommandType='"Text"', CommandTimeout='30']
SELECT 1
2023-04-04 08:42:35  INF  Executed DbCommand (27ms) [Parameters=[], CommandType='"Text"', CommandTimeout='30']
SELECT OBJECT_ID(N'[__EFMigrationsHistory]');
2023-04-04 08:42:35  INF  Executed DbCommand (2ms) [Parameters=[], CommandType='"Text"', CommandTimeout='30']
SELECT 1
2023-04-04 08:42:35  INF  Executed DbCommand (1ms) [Parameters=[], CommandType='"Text"', CommandTimeout='30']
SELECT OBJECT_ID(N'[__EFMigrationsHistory]');
2023-04-04 08:42:35  INF  Executed DbCommand (3ms) [Parameters=[], CommandType='"Text"', CommandTimeout='30']
SELECT [MigrationId], [ProductVersion]
FROM [__EFMigrationsHistory]
ORDER BY [MigrationId];
2023-04-04 08:42:35  INF  Applying migration '20230404074222_test'.
2023-04-04 08:42:35  INF  Executed DbCommand (2ms) [Parameters=[], CommandType='"Text"', CommandTimeout='30']
INSERT INTO [__EFMigrationsHistory] ([MigrationId], [ProductVersion])
VALUES (N'20230404074222_test', N'7.0.4');
2023-04-04 12:44:24  INF  Now listening on: https://localhost:7285
2023-04-04 12:44:24  INF  Now listening on: http://localhost:5285
2023-04-04 12:44:24  INF  Application started. Press Ctrl+C to shut down.
2023-04-04 12:44:24  INF  Hosting environment: Development
2023-04-04 12:44:24  INF  Content root path: C:\Users\FBUSZKIEWICZ\Documents\GitHub\filip_b\AirQualityApi\AirQualityApi\
2023-04-04 12:44:25  INF  Request starting HTTP/2 GET https://localhost:7285/swagger/index.html - -
2023-04-04 12:44:25  INF  Request finished HTTP/2 GET https://localhost:7285/swagger/index.html - - - 200 - text/html;charset=utf-8 437.9438ms
2023-04-04 12:44:25  INF  Request starting HTTP/2 GET https://localhost:7285/_vs/browserLink - -
2023-04-04 12:44:25  INF  Request starting HTTP/2 GET https://localhost:7285/_framework/aspnetcore-browser-refresh.js - -
2023-04-04 12:44:25  INF  Request finished HTTP/2 GET https://localhost:7285/_framework/aspnetcore-browser-refresh.js - - - 200 11996 application/javascript;+charset=utf-8 5.3762ms
2023-04-04 12:44:25  INF  Request finished HTTP/2 GET https://localhost:7285/_vs/browserLink - - - 200 - text/javascript;+charset=UTF-8 108.6312ms
2023-04-04 12:44:25  INF  Request starting HTTP/2 GET https://localhost:7285/swagger/v1/swagger.json - -
2023-04-04 12:44:25  INF  Request finished HTTP/2 GET https://localhost:7285/swagger/v1/swagger.json - - - 200 - application/json;charset=utf-8 119.1964ms
2023-04-04 12:44:28  INF  Request starting HTTP/2 GET https://localhost:7285/api/Stations - -
2023-04-04 12:44:28  INF  Executing endpoint 'AirQualityApi.Controllers.StationsController.GetAllStations (AirQualityApi)'
2023-04-04 12:44:28  INF  Route matched with {action = "GetAllStations", controller = "Stations"}. Executing controller action with signature System.Threading.Tasks.Task`1[Microsoft.AspNetCore.Mvc.IActionResult] GetAllStations() on controller AirQualityApi.Controllers.StationsController (AirQualityApi).
2023-04-04 12:44:28  INF  Retrieving the data...
2023-04-04 12:44:28  INF  Start processing HTTP request GET "https://api.gios.gov.pl/pjp-api/rest/station/findAll"
2023-04-04 12:44:28  INF  Sending HTTP request GET "https://api.gios.gov.pl/pjp-api/rest/station/findAll"
2023-04-04 12:44:30  INF  Received HTTP response headers after 1488.1535ms - 200
2023-04-04 12:44:30  INF  End processing HTTP request after 1508.4899ms - 200
2023-04-04 12:44:30  INF  Successfully retrieved 208 stations
2023-04-04 12:44:30  INF  Executing OkObjectResult, writing value of type 'System.Collections.Generic.List`1[[AirQualityApi.Models.Station, AirQualityApi.Models, Version=1.0.0.0, Culture=neutral, PublicKeyToken=null]]'.
2023-04-04 12:44:30  INF  Executed action AirQualityApi.Controllers.StationsController.GetAllStations (AirQualityApi) in 1825.5755ms
2023-04-04 12:44:30  INF  Executed endpoint 'AirQualityApi.Controllers.StationsController.GetAllStations (AirQualityApi)'
2023-04-04 12:44:30  INF  Request finished HTTP/2 GET https://localhost:7285/api/Stations - - - 200 - application/json;+charset=utf-8 1870.5210ms
2023-04-04 12:44:48  INF  Request starting HTTP/2 GET https://localhost:7285/api/Stations/id/114 - -
2023-04-04 12:44:48  INF  Executing endpoint 'AirQualityApi.Controllers.StationsController.GetSensorDataById (AirQualityApi)'
2023-04-04 12:44:48  INF  Route matched with {action = "GetSensorDataById", controller = "Stations"}. Executing controller action with signature System.Threading.Tasks.Task`1[Microsoft.AspNetCore.Mvc.IActionResult] GetSensorDataById(Int32) on controller AirQualityApi.Controllers.StationsController (AirQualityApi).
2023-04-04 12:44:48  INF  Retrieving the data...
2023-04-04 12:44:48  INF  Start processing HTTP request GET "https://api.gios.gov.pl/pjp-api/rest/station/sensors/114"
2023-04-04 12:44:48  INF  Sending HTTP request GET "https://api.gios.gov.pl/pjp-api/rest/station/sensors/114"
2023-04-04 12:44:48  INF  Received HTTP response headers after 731.4156ms - 200
2023-04-04 12:44:48  INF  End processing HTTP request after 733.2523ms - 200
2023-04-04 12:44:48  INF  Successfully retrieved the station with given ID: 114
2023-04-04 12:44:48  INF  Executing OkObjectResult, writing value of type 'System.Collections.Generic.List`1[[AirQualityApi.Models.Sensor, AirQualityApi.Models, Version=1.0.0.0, Culture=neutral, PublicKeyToken=null]]'.
2023-04-04 12:44:48  INF  Executed action AirQualityApi.Controllers.StationsController.GetSensorDataById (AirQualityApi) in 808.9659ms
2023-04-04 12:44:48  INF  Executed endpoint 'AirQualityApi.Controllers.StationsController.GetSensorDataById (AirQualityApi)'
2023-04-04 12:44:48  INF  Request finished HTTP/2 GET https://localhost:7285/api/Stations/id/114 - - - 200 - application/json;+charset=utf-8 829.8777ms
2023-04-04 13:05:13  INF  Executed DbCommand (12ms) [Parameters=[], CommandType='"Text"', CommandTimeout='30']
SELECT 1
2023-04-04 13:05:13  INF  Executed DbCommand (10ms) [Parameters=[], CommandType='"Text"', CommandTimeout='30']
SELECT OBJECT_ID(N'[__EFMigrationsHistory]');
2023-04-04 13:05:13  INF  Executed DbCommand (1ms) [Parameters=[], CommandType='"Text"', CommandTimeout='30']
SELECT 1
2023-04-04 13:05:13  INF  Executed DbCommand (0ms) [Parameters=[], CommandType='"Text"', CommandTimeout='30']
SELECT OBJECT_ID(N'[__EFMigrationsHistory]');
2023-04-04 13:05:13  INF  Executed DbCommand (2ms) [Parameters=[], CommandType='"Text"', CommandTimeout='30']
SELECT [MigrationId], [ProductVersion]
FROM [__EFMigrationsHistory]
ORDER BY [MigrationId];
2023-04-04 13:05:13  INF  Reverting migration '20230404074222_test'.
2023-04-04 13:05:13  INF  Executed DbCommand (1ms) [Parameters=[], CommandType='"Text"', CommandTimeout='30']
DELETE FROM [__EFMigrationsHistory]
WHERE [MigrationId] = N'20230404074222_test';
2023-04-04 13:05:13  INF  Reverting migration '20230403134013_UpdatedMigration'.
2023-04-04 13:05:13  INF  Executed DbCommand (0ms) [Parameters=[], CommandType='"Text"', CommandTimeout='30']
DELETE FROM [__EFMigrationsHistory]
WHERE [MigrationId] = N'20230403134013_UpdatedMigration';
2023-04-04 13:05:13  INF  Reverting migration '20230403132517_FirstMigration'.
2023-04-04 13:05:13  INF  Executed DbCommand (6ms) [Parameters=[], CommandType='"Text"', CommandTimeout='30']
DROP TABLE [Sensors];
2023-04-04 13:05:13  INF  Executed DbCommand (2ms) [Parameters=[], CommandType='"Text"', CommandTimeout='30']
DROP TABLE [Stations];
2023-04-04 13:05:13  INF  Executed DbCommand (1ms) [Parameters=[], CommandType='"Text"', CommandTimeout='30']
DROP TABLE [Params];
2023-04-04 13:05:13  INF  Executed DbCommand (1ms) [Parameters=[], CommandType='"Text"', CommandTimeout='30']
DROP TABLE [Cities];
2023-04-04 13:05:13  INF  Executed DbCommand (1ms) [Parameters=[], CommandType='"Text"', CommandTimeout='30']
DROP TABLE [StationsWithParams];
2023-04-04 13:05:13  INF  Executed DbCommand (0ms) [Parameters=[], CommandType='"Text"', CommandTimeout='30']
DELETE FROM [__EFMigrationsHistory]
WHERE [MigrationId] = N'20230403132517_FirstMigration';
2023-04-04 13:21:13  WRN  The foreign key property 'Sensor.ParamName1' was created in shadow state because a conflicting property with the simple name 'ParamName' exists in the entity type, but is either not mapped, is already used for another relationship, or is incompatible with the associated primary key type. See https://aka.ms/efcore-relationships for information on mapping relationships in EF Core.
2023-04-04 13:21:21  WRN  The foreign key property 'Sensor.ParamName1' was created in shadow state because a conflicting property with the simple name 'ParamName' exists in the entity type, but is either not mapped, is already used for another relationship, or is incompatible with the associated primary key type. See https://aka.ms/efcore-relationships for information on mapping relationships in EF Core.
2023-04-04 13:21:21  WRN  The foreign key property 'Sensor.ParamName1' was created in shadow state because a conflicting property with the simple name 'ParamName' exists in the entity type, but is either not mapped, is already used for another relationship, or is incompatible with the associated primary key type. See https://aka.ms/efcore-relationships for information on mapping relationships in EF Core.
2023-04-04 13:22:35  WRN  The foreign key property 'Sensor.ParamName1' was created in shadow state because a conflicting property with the simple name 'ParamName' exists in the entity type, but is either not mapped, is already used for another relationship, or is incompatible with the associated primary key type. See https://aka.ms/efcore-relationships for information on mapping relationships in EF Core.
2023-04-04 13:22:36  WRN  The foreign key property 'Sensor.ParamName1' was created in shadow state because a conflicting property with the simple name 'ParamName' exists in the entity type, but is either not mapped, is already used for another relationship, or is incompatible with the associated primary key type. See https://aka.ms/efcore-relationships for information on mapping relationships in EF Core.
