2023-03-22 11:14:04  INF  Now listening on: https://localhost:7285
2023-03-22 11:14:04  INF  Now listening on: http://localhost:5285
2023-03-22 11:14:04  INF  Application started. Press Ctrl+C to shut down.
2023-03-22 11:14:04  INF  Hosting environment: Development
2023-03-22 11:14:04  INF  Content root path: C:\Users\FBUSZKIEWICZ\Documents\GitHub\filip_b\AirQualityApi\AirQualityApi\
2023-03-22 11:14:05  INF  Request starting HTTP/2 GET https://localhost:7285/swagger/index.html - -
2023-03-22 11:14:05  INF  Request finished HTTP/2 GET https://localhost:7285/swagger/index.html - - - 200 - text/html;charset=utf-8 486.3292ms
2023-03-22 11:14:05  INF  Request starting HTTP/2 GET https://localhost:7285/_framework/aspnetcore-browser-refresh.js - -
2023-03-22 11:14:05  INF  Request finished HTTP/2 GET https://localhost:7285/_framework/aspnetcore-browser-refresh.js - - - 200 11996 application/javascript;+charset=utf-8 5.2890ms
2023-03-22 11:14:05  INF  Request starting HTTP/2 GET https://localhost:7285/_vs/browserLink - -
2023-03-22 11:14:05  INF  Request finished HTTP/2 GET https://localhost:7285/_vs/browserLink - - - 200 - text/javascript;+charset=UTF-8 42.5358ms
2023-03-22 11:14:05  INF  Request starting HTTP/2 GET https://localhost:7285/swagger/v1/swagger.json - -
2023-03-22 11:14:05  INF  Request finished HTTP/2 GET https://localhost:7285/swagger/v1/swagger.json - - - 200 - application/json;charset=utf-8 84.8944ms
2023-03-22 11:14:09  INF  Request starting HTTP/2 GET https://localhost:7285/api/Stations - -
2023-03-22 11:14:09  INF  Executing endpoint 'AirQualityApi.Controllers.StationsController.GetAllStations (AirQualityApi)'
2023-03-22 11:14:09  INF  Route matched with {action = "GetAllStations", controller = "Stations"}. Executing controller action with signature System.Threading.Tasks.Task`1[Microsoft.AspNetCore.Mvc.IActionResult] GetAllStations() on controller AirQualityApi.Controllers.StationsController (AirQualityApi).
2023-03-22 11:14:09  INF  Retrieving the data...
2023-03-22 11:14:09  INF  Start processing HTTP request GET "https://api.gios.gov.pl/pjp-api/rest/station/findAll"
2023-03-22 11:14:09  INF  Sending HTTP request GET "https://api.gios.gov.pl/pjp-api/rest/station/findAll"
2023-03-22 11:14:10  INF  Received HTTP response headers after 1202.6886ms - 200
2023-03-22 11:14:10  INF  End processing HTTP request after 1224.2132ms - 200
2023-03-22 11:14:10  INF  Successfully retrieved 206 stations
2023-03-22 11:14:10  INF  Executing OkObjectResult, writing value of type 'System.Collections.Generic.List`1[[AirQualityApi.Models.Station, AirQualityApi, Version=1.0.0.0, Culture=neutral, PublicKeyToken=null]]'.
2023-03-22 11:14:10  INF  Executed action AirQualityApi.Controllers.StationsController.GetAllStations (AirQualityApi) in 1693.4786ms
2023-03-22 11:14:10  INF  Executed endpoint 'AirQualityApi.Controllers.StationsController.GetAllStations (AirQualityApi)'
2023-03-22 11:14:10  INF  Request finished HTTP/2 GET https://localhost:7285/api/Stations - - - 200 - application/json;+charset=utf-8 1731.7572ms
2023-03-22 13:25:03  INF  Now listening on: https://localhost:7285
2023-03-22 13:25:03  INF  Now listening on: http://localhost:5285
2023-03-22 13:25:03  INF  Application started. Press Ctrl+C to shut down.
2023-03-22 13:25:03  INF  Hosting environment: Development
2023-03-22 13:25:03  INF  Content root path: C:\Users\FBUSZKIEWICZ\Documents\GitHub\filip_b\AirQualityApi\AirQualityApi\
2023-03-22 13:25:03  INF  Request starting HTTP/2 GET https://localhost:7285/swagger/index.html - -
2023-03-22 13:25:03  INF  Request finished HTTP/2 GET https://localhost:7285/swagger/index.html - - - 200 - text/html;charset=utf-8 289.4842ms
2023-03-22 13:25:03  INF  Request starting HTTP/2 GET https://localhost:7285/_framework/aspnetcore-browser-refresh.js - -
2023-03-22 13:25:03  INF  Request starting HTTP/2 GET https://localhost:7285/_vs/browserLink - -
2023-03-22 13:25:03  INF  Request finished HTTP/2 GET https://localhost:7285/_framework/aspnetcore-browser-refresh.js - - - 200 11996 application/javascript;+charset=utf-8 13.7016ms
2023-03-22 13:25:03  INF  Request finished HTTP/2 GET https://localhost:7285/_vs/browserLink - - - 200 - text/javascript;+charset=UTF-8 41.9591ms
2023-03-22 13:25:04  INF  Request starting HTTP/2 GET https://localhost:7285/swagger/v1/swagger.json - -
2023-03-22 13:25:04  INF  Request finished HTTP/2 GET https://localhost:7285/swagger/v1/swagger.json - - - 200 - application/json;charset=utf-8 82.1813ms
2023-03-22 13:36:02  INF  Now listening on: https://localhost:7285
2023-03-22 13:36:02  INF  Now listening on: http://localhost:5285
2023-03-22 13:36:02  INF  Application started. Press Ctrl+C to shut down.
2023-03-22 13:36:02  INF  Hosting environment: Development
2023-03-22 13:36:02  INF  Content root path: C:\Users\FBUSZKIEWICZ\Documents\GitHub\filip_b\AirQualityApi\AirQualityApi\
2023-03-22 13:36:03  INF  Request starting HTTP/2 GET https://localhost:7285/swagger/index.html - -
2023-03-22 13:36:03  INF  Request finished HTTP/2 GET https://localhost:7285/swagger/index.html - - - 200 - text/html;charset=utf-8 208.9591ms
2023-03-22 13:36:03  INF  Request starting HTTP/2 GET https://localhost:7285/_framework/aspnetcore-browser-refresh.js - -
2023-03-22 13:36:03  INF  Request starting HTTP/2 GET https://localhost:7285/_vs/browserLink - -
2023-03-22 13:36:03  INF  Request finished HTTP/2 GET https://localhost:7285/_framework/aspnetcore-browser-refresh.js - - - 200 11996 application/javascript;+charset=utf-8 5.3673ms
2023-03-22 13:36:03  INF  Request finished HTTP/2 GET https://localhost:7285/_vs/browserLink - - - 200 - text/javascript;+charset=UTF-8 14.4544ms
2023-03-22 13:36:03  INF  Request starting HTTP/2 GET https://localhost:7285/swagger/v1/swagger.json - -
2023-03-22 13:36:03  INF  Request finished HTTP/2 GET https://localhost:7285/swagger/v1/swagger.json - - - 200 - application/json;charset=utf-8 61.0532ms
2023-03-22 13:36:49  INF  Now listening on: https://localhost:7285
2023-03-22 13:36:49  INF  Now listening on: http://localhost:5285
2023-03-22 13:36:49  INF  Application started. Press Ctrl+C to shut down.
2023-03-22 13:36:49  INF  Hosting environment: Development
2023-03-22 13:36:49  INF  Content root path: C:\Users\FBUSZKIEWICZ\Documents\GitHub\filip_b\AirQualityApi\AirQualityApi\
2023-03-22 13:36:50  INF  Request starting HTTP/2 GET https://localhost:7285/swagger/index.html - -
2023-03-22 13:36:50  INF  Request finished HTTP/2 GET https://localhost:7285/swagger/index.html - - - 200 - text/html;charset=utf-8 267.9919ms
2023-03-22 13:36:50  INF  Request starting HTTP/2 GET https://localhost:7285/_vs/browserLink - -
2023-03-22 13:36:50  INF  Request starting HTTP/2 GET https://localhost:7285/_framework/aspnetcore-browser-refresh.js - -
2023-03-22 13:36:50  INF  Request finished HTTP/2 GET https://localhost:7285/_framework/aspnetcore-browser-refresh.js - - - 200 11996 application/javascript;+charset=utf-8 3.7938ms
2023-03-22 13:36:50  INF  Request finished HTTP/2 GET https://localhost:7285/_vs/browserLink - - - 200 - text/javascript;+charset=UTF-8 24.1314ms
2023-03-22 13:36:50  INF  Request starting HTTP/2 GET https://localhost:7285/swagger/v1/swagger.json - -
2023-03-22 13:36:50  INF  Request finished HTTP/2 GET https://localhost:7285/swagger/v1/swagger.json - - - 200 - application/json;charset=utf-8 67.1031ms
