2023-04-07 07:43:44  INF  Executed DbCommand (11ms) [Parameters=[], CommandType='"Text"', CommandTimeout='30']
SELECT 1
2023-04-07 07:43:44  INF  Executed DbCommand (10ms) [Parameters=[], CommandType='"Text"', CommandTimeout='30']
SELECT OBJECT_ID(N'[__EFMigrationsHistory]');
2023-04-07 07:43:44  INF  Executed DbCommand (1ms) [Parameters=[], CommandType='"Text"', CommandTimeout='30']
SELECT 1
2023-04-07 07:43:44  INF  Executed DbCommand (0ms) [Parameters=[], CommandType='"Text"', CommandTimeout='30']
SELECT OBJECT_ID(N'[__EFMigrationsHistory]');
2023-04-07 07:43:44  INF  Executed DbCommand (2ms) [Parameters=[], CommandType='"Text"', CommandTimeout='30']
SELECT [MigrationId], [ProductVersion]
FROM [__EFMigrationsHistory]
ORDER BY [MigrationId];
2023-04-07 07:43:44  INF  Reverting migration '20230406072231_FirstMigration'.
2023-04-07 07:43:44  INF  Executed DbCommand (5ms) [Parameters=[], CommandType='"Text"', CommandTimeout='30']
DROP TABLE [Sensors];
2023-04-07 07:43:44  INF  Executed DbCommand (2ms) [Parameters=[], CommandType='"Text"', CommandTimeout='30']
DROP TABLE [Stations];
2023-04-07 07:43:44  INF  Executed DbCommand (1ms) [Parameters=[], CommandType='"Text"', CommandTimeout='30']
DROP TABLE [SensorParams];
2023-04-07 07:43:44  INF  Executed DbCommand (1ms) [Parameters=[], CommandType='"Text"', CommandTimeout='30']
DROP TABLE [Cities];
2023-04-07 07:43:44  INF  Executed DbCommand (1ms) [Parameters=[], CommandType='"Text"', CommandTimeout='30']
DELETE FROM [__EFMigrationsHistory]
WHERE [MigrationId] = N'20230406072231_FirstMigration';
2023-04-07 07:43:59  INF  Executed DbCommand (11ms) [Parameters=[], CommandType='"Text"', CommandTimeout='30']
SELECT 1
2023-04-07 07:43:59  INF  Executed DbCommand (10ms) [Parameters=[], CommandType='"Text"', CommandTimeout='30']
SELECT OBJECT_ID(N'[__EFMigrationsHistory]');
2023-04-07 07:43:59  INF  Executed DbCommand (2ms) [Parameters=[], CommandType='"Text"', CommandTimeout='30']
SELECT [MigrationId], [ProductVersion]
FROM [__EFMigrationsHistory]
ORDER BY [MigrationId];
2023-04-07 07:51:25  INF  Executed DbCommand (111ms) [Parameters=[], CommandType='"Text"', CommandTimeout='60']
CREATE DATABASE [AirQualityData];
2023-04-07 07:51:25  INF  Executed DbCommand (43ms) [Parameters=[], CommandType='"Text"', CommandTimeout='60']
IF SERVERPROPERTY('EngineEdition') <> 5
BEGIN
    ALTER DATABASE [AirQualityData] SET READ_COMMITTED_SNAPSHOT ON;
END;
2023-04-07 07:51:25  INF  Executed DbCommand (4ms) [Parameters=[], CommandType='"Text"', CommandTimeout='30']
SELECT 1
2023-04-07 07:51:25  INF  Executed DbCommand (7ms) [Parameters=[], CommandType='"Text"', CommandTimeout='30']
CREATE TABLE [__EFMigrationsHistory] (
    [MigrationId] nvarchar(150) NOT NULL,
    [ProductVersion] nvarchar(32) NOT NULL,
    CONSTRAINT [PK___EFMigrationsHistory] PRIMARY KEY ([MigrationId])
);
2023-04-07 07:51:25  INF  Executed DbCommand (0ms) [Parameters=[], CommandType='"Text"', CommandTimeout='30']
SELECT 1
2023-04-07 07:51:25  INF  Executed DbCommand (12ms) [Parameters=[], CommandType='"Text"', CommandTimeout='30']
SELECT OBJECT_ID(N'[__EFMigrationsHistory]');
2023-04-07 07:51:25  INF  Executed DbCommand (2ms) [Parameters=[], CommandType='"Text"', CommandTimeout='30']
SELECT [MigrationId], [ProductVersion]
FROM [__EFMigrationsHistory]
ORDER BY [MigrationId];
2023-04-07 07:51:25  INF  Applying migration '20230407065116_FirstMigration'.
2023-04-07 07:51:25  INF  Executed DbCommand (1ms) [Parameters=[], CommandType='"Text"', CommandTimeout='30']
CREATE TABLE [Cities] (
    [Id] int NOT NULL IDENTITY,
    [Name] nvarchar(max) NOT NULL,
    CONSTRAINT [PK_Cities] PRIMARY KEY ([Id])
);
2023-04-07 07:51:25  INF  Executed DbCommand (1ms) [Parameters=[], CommandType='"Text"', CommandTimeout='30']
CREATE TABLE [SensorParams] (
    [IdParam] int NOT NULL IDENTITY,
    [ParamName] nvarchar(max) NOT NULL,
    [ParamCode] nvarchar(max) NOT NULL,
    [ParamFormula] nvarchar(max) NOT NULL,
    CONSTRAINT [PK_SensorParams] PRIMARY KEY ([IdParam])
);
2023-04-07 07:51:25  INF  Executed DbCommand (2ms) [Parameters=[], CommandType='"Text"', CommandTimeout='30']
CREATE TABLE [Stations] (
    [Id] int NOT NULL IDENTITY,
    [StationName] nvarchar(max) NULL,
    [GegrLat] nvarchar(max) NULL,
    [GegrLon] nvarchar(max) NULL,
    [AddressStreet] nvarchar(max) NULL,
    [CityId] int NOT NULL,
    CONSTRAINT [PK_Stations] PRIMARY KEY ([Id]),
    CONSTRAINT [FK_Stations_Cities_CityId] FOREIGN KEY ([CityId]) REFERENCES [Cities] ([Id]) ON DELETE CASCADE
);
2023-04-07 07:51:25  INF  Executed DbCommand (1ms) [Parameters=[], CommandType='"Text"', CommandTimeout='30']
CREATE TABLE [Sensors] (
    [Id] int NOT NULL IDENTITY,
    [StationId] int NOT NULL,
    [ParamIdParam] int NOT NULL,
    CONSTRAINT [PK_Sensors] PRIMARY KEY ([Id]),
    CONSTRAINT [FK_Sensors_SensorParams_ParamIdParam] FOREIGN KEY ([ParamIdParam]) REFERENCES [SensorParams] ([IdParam]) ON DELETE CASCADE,
    CONSTRAINT [FK_Sensors_Stations_StationId] FOREIGN KEY ([StationId]) REFERENCES [Stations] ([Id]) ON DELETE CASCADE
);
2023-04-07 07:51:25  INF  Executed DbCommand (1ms) [Parameters=[], CommandType='"Text"', CommandTimeout='30']
CREATE INDEX [IX_Sensors_ParamIdParam] ON [Sensors] ([ParamIdParam]);
2023-04-07 07:51:25  INF  Executed DbCommand (0ms) [Parameters=[], CommandType='"Text"', CommandTimeout='30']
CREATE INDEX [IX_Sensors_StationId] ON [Sensors] ([StationId]);
2023-04-07 07:51:25  INF  Executed DbCommand (1ms) [Parameters=[], CommandType='"Text"', CommandTimeout='30']
CREATE INDEX [IX_Stations_CityId] ON [Stations] ([CityId]);
2023-04-07 07:51:25  INF  Executed DbCommand (1ms) [Parameters=[], CommandType='"Text"', CommandTimeout='30']
INSERT INTO [__EFMigrationsHistory] ([MigrationId], [ProductVersion])
VALUES (N'20230407065116_FirstMigration', N'7.0.4');
2023-04-07 08:27:21  INF  Now listening on: https://localhost:7285
2023-04-07 08:27:21  INF  Now listening on: http://localhost:5285
2023-04-07 08:27:21  INF  Application started. Press Ctrl+C to shut down.
2023-04-07 08:27:21  INF  Hosting environment: Development
2023-04-07 08:27:21  INF  Content root path: C:\Users\FBUSZKIEWICZ\Documents\GitHub\filip_b\AirQualityApi\AirQualityApi\
2023-04-07 08:27:22  INF  Request starting HTTP/2 GET https://localhost:7285/swagger/index.html - -
2023-04-07 08:27:23  INF  Request finished HTTP/2 GET https://localhost:7285/swagger/index.html - - - 200 - text/html;charset=utf-8 1347.1598ms
2023-04-07 08:27:23  INF  Request starting HTTP/2 GET https://localhost:7285/_framework/aspnetcore-browser-refresh.js - -
2023-04-07 08:27:23  INF  Request finished HTTP/2 GET https://localhost:7285/_framework/aspnetcore-browser-refresh.js - - - 200 11996 application/javascript;+charset=utf-8 8.5353ms
2023-04-07 08:27:23  INF  Request starting HTTP/2 GET https://localhost:7285/_vs/browserLink - -
2023-04-07 08:27:23  INF  Request finished HTTP/2 GET https://localhost:7285/_vs/browserLink - - - 200 - text/javascript;+charset=UTF-8 287.1145ms
2023-04-07 08:27:24  INF  Request starting HTTP/2 GET https://localhost:7285/swagger/v1/swagger.json - -
2023-04-07 08:27:24  INF  Request finished HTTP/2 GET https://localhost:7285/swagger/v1/swagger.json - - - 200 - application/json;charset=utf-8 252.8202ms
2023-04-07 08:27:29  INF  Request starting HTTP/2 GET https://localhost:7285/api/Stations - -
2023-04-07 08:27:29  INF  Executing endpoint 'AirQualityApi.Controllers.StationsController.GetAllStations (AirQualityApi)'
2023-04-07 08:27:29  INF  Route matched with {action = "GetAllStations", controller = "Stations"}. Executing controller action with signature System.Threading.Tasks.Task`1[Microsoft.AspNetCore.Mvc.IActionResult] GetAllStations() on controller AirQualityApi.Controllers.StationsController (AirQualityApi).
2023-04-07 08:27:34  INF  Executed DbCommand (100ms) [Parameters=[], CommandType='"Text"', CommandTimeout='30']
SELECT [s].[Id], [s].[AddressStreet], [s].[CityId], [s].[GegrLat], [s].[GegrLon], [s].[StationName], [c].[Id], [c].[Name]
FROM [Stations] AS [s]
INNER JOIN [Cities] AS [c] ON [s].[CityId] = [c].[Id]
2023-04-07 08:27:34  INF  Executing OkObjectResult, writing value of type 'System.Collections.Generic.List`1[[AirQualityApi.Db.Models.Station, AirQualityApi.Db.Models, Version=1.0.0.0, Culture=neutral, PublicKeyToken=null]]'.
2023-04-07 08:27:35  INF  Executed action AirQualityApi.Controllers.StationsController.GetAllStations (AirQualityApi) in 5440.0672ms
2023-04-07 08:27:35  INF  Executed endpoint 'AirQualityApi.Controllers.StationsController.GetAllStations (AirQualityApi)'
2023-04-07 08:27:35  INF  Request finished HTTP/2 GET https://localhost:7285/api/Stations - - - 200 - application/json;+charset=utf-8 5734.5878ms
2023-04-07 08:28:56  INF  Now listening on: https://localhost:7285
2023-04-07 08:28:56  INF  Now listening on: http://localhost:5285
2023-04-07 08:28:56  INF  Application started. Press Ctrl+C to shut down.
2023-04-07 08:28:56  INF  Hosting environment: Development
2023-04-07 08:28:56  INF  Content root path: C:\Users\FBUSZKIEWICZ\Documents\GitHub\filip_b\AirQualityApi\AirQualityApi\
2023-04-07 08:28:57  INF  Request starting HTTP/2 GET https://localhost:7285/swagger/index.html - -
2023-04-07 08:28:58  INF  Request finished HTTP/2 GET https://localhost:7285/swagger/index.html - - - 200 - text/html;charset=utf-8 793.4667ms
2023-04-07 08:28:58  INF  Request starting HTTP/2 GET https://localhost:7285/_framework/aspnetcore-browser-refresh.js - -
2023-04-07 08:28:58  INF  Request starting HTTP/2 GET https://localhost:7285/_vs/browserLink - -
2023-04-07 08:28:58  INF  Request finished HTTP/2 GET https://localhost:7285/_framework/aspnetcore-browser-refresh.js - - - 200 11996 application/javascript;+charset=utf-8 15.4557ms
2023-04-07 08:28:58  INF  Request finished HTTP/2 GET https://localhost:7285/_vs/browserLink - - - 200 - text/javascript;+charset=UTF-8 57.8966ms
2023-04-07 08:28:58  INF  Request starting HTTP/2 GET https://localhost:7285/swagger/v1/swagger.json - -
2023-04-07 08:28:58  INF  Request finished HTTP/2 GET https://localhost:7285/swagger/v1/swagger.json - - - 200 - application/json;charset=utf-8 134.9785ms
2023-04-07 08:29:01  INF  Request starting HTTP/2 GET https://localhost:7285/api/Stations - -
2023-04-07 08:29:01  INF  Executing endpoint 'AirQualityApi.Controllers.StationsController.GetAllStations (AirQualityApi)'
2023-04-07 08:29:01  INF  Route matched with {action = "GetAllStations", controller = "Stations"}. Executing controller action with signature System.Threading.Tasks.Task`1[Microsoft.AspNetCore.Mvc.IActionResult] GetAllStations() on controller AirQualityApi.Controllers.StationsController (AirQualityApi).
2023-04-07 08:29:03  INF  Executed DbCommand (70ms) [Parameters=[], CommandType='"Text"', CommandTimeout='30']
SELECT [s].[Id], [s].[AddressStreet], [s].[CityId], [s].[GegrLat], [s].[GegrLon], [s].[StationName], [c].[Id], [c].[Name]
FROM [Stations] AS [s]
INNER JOIN [Cities] AS [c] ON [s].[CityId] = [c].[Id]
2023-04-07 08:29:03  INF  Executing OkObjectResult, writing value of type 'System.Collections.Generic.List`1[[AirQualityApi.Db.Models.Station, AirQualityApi.Db.Models, Version=1.0.0.0, Culture=neutral, PublicKeyToken=null]]'.
2023-04-07 08:29:03  INF  Executed action AirQualityApi.Controllers.StationsController.GetAllStations (AirQualityApi) in 2613.5181ms
2023-04-07 08:29:03  INF  Executed endpoint 'AirQualityApi.Controllers.StationsController.GetAllStations (AirQualityApi)'
2023-04-07 08:29:03  INF  Request finished HTTP/2 GET https://localhost:7285/api/Stations - - - 200 - application/json;+charset=utf-8 2692.8681ms
2023-04-07 08:33:00  INF  Now listening on: https://localhost:7285
2023-04-07 08:33:00  INF  Now listening on: http://localhost:5285
2023-04-07 08:33:00  INF  Application started. Press Ctrl+C to shut down.
2023-04-07 08:33:00  INF  Hosting environment: Development
2023-04-07 08:33:00  INF  Content root path: C:\Users\FBUSZKIEWICZ\Documents\GitHub\filip_b\AirQualityApi\AirQualityApi\
2023-04-07 08:33:02  INF  Request starting HTTP/2 GET https://localhost:7285/swagger/index.html - -
2023-04-07 08:33:03  INF  Request finished HTTP/2 GET https://localhost:7285/swagger/index.html - - - 200 - text/html;charset=utf-8 865.6633ms
2023-04-07 08:33:03  INF  Request starting HTTP/2 GET https://localhost:7285/_framework/aspnetcore-browser-refresh.js - -
2023-04-07 08:33:03  INF  Request finished HTTP/2 GET https://localhost:7285/_framework/aspnetcore-browser-refresh.js - - - 200 11996 application/javascript;+charset=utf-8 11.3374ms
2023-04-07 08:33:03  INF  Request starting HTTP/2 GET https://localhost:7285/_vs/browserLink - -
2023-04-07 08:33:03  INF  Request finished HTTP/2 GET https://localhost:7285/_vs/browserLink - - - 200 - text/javascript;+charset=UTF-8 38.7983ms
2023-04-07 08:33:03  INF  Request starting HTTP/2 GET https://localhost:7285/swagger/v1/swagger.json - -
2023-04-07 08:33:03  INF  Request finished HTTP/2 GET https://localhost:7285/swagger/v1/swagger.json - - - 200 - application/json;charset=utf-8 200.6083ms
2023-04-07 08:33:12  INF  Request starting HTTP/2 GET https://localhost:7285/api/Stations/id/114 - -
2023-04-07 08:33:12  INF  Executing endpoint 'AirQualityApi.Controllers.StationsController.GetSensorDataById (AirQualityApi)'
2023-04-07 08:33:12  INF  Route matched with {action = "GetSensorDataById", controller = "Stations"}. Executing controller action with signature System.Threading.Tasks.Task`1[Microsoft.AspNetCore.Mvc.IActionResult] GetSensorDataById(Int32) on controller AirQualityApi.Controllers.StationsController (AirQualityApi).
2023-04-07 08:33:15  INF  Executed DbCommand (129ms) [Parameters=[@__stationId_0='?' (DbType = Int32)], CommandType='"Text"', CommandTimeout='30']
SELECT [s].[Id], [s].[ParamIdParam], [s].[StationId], [s0].[IdParam], [s0].[ParamCode], [s0].[ParamFormula], [s0].[ParamName]
FROM [Sensors] AS [s]
INNER JOIN [SensorParams] AS [s0] ON [s].[ParamIdParam] = [s0].[IdParam]
WHERE [s].[StationId] = @__stationId_0
2023-04-07 08:33:15  INF  Executing OkObjectResult, writing value of type 'System.Collections.Generic.List`1[[AirQualityApi.Db.Models.Sensor, AirQualityApi.Db.Models, Version=1.0.0.0, Culture=neutral, PublicKeyToken=null]]'.
2023-04-07 08:33:15  INF  Executed action AirQualityApi.Controllers.StationsController.GetSensorDataById (AirQualityApi) in 3073.8293ms
2023-04-07 08:33:15  INF  Executed endpoint 'AirQualityApi.Controllers.StationsController.GetSensorDataById (AirQualityApi)'
2023-04-07 08:33:15  INF  Request finished HTTP/2 GET https://localhost:7285/api/Stations/id/114 - - - 200 - application/json;+charset=utf-8 3196.9609ms
2023-04-07 08:34:06  INF  Now listening on: https://localhost:7285
2023-04-07 08:34:06  INF  Now listening on: http://localhost:5285
2023-04-07 08:34:06  INF  Application started. Press Ctrl+C to shut down.
2023-04-07 08:34:06  INF  Hosting environment: Development
2023-04-07 08:34:06  INF  Content root path: C:\Users\FBUSZKIEWICZ\Documents\GitHub\filip_b\AirQualityApi\AirQualityApi\
2023-04-07 08:34:07  INF  Request starting HTTP/2 GET https://localhost:7285/swagger/index.html - -
2023-04-07 08:34:08  INF  Request finished HTTP/2 GET https://localhost:7285/swagger/index.html - - - 200 - text/html;charset=utf-8 944.7485ms
2023-04-07 08:34:08  INF  Request starting HTTP/2 GET https://localhost:7285/_framework/aspnetcore-browser-refresh.js - -
2023-04-07 08:34:08  INF  Request starting HTTP/2 GET https://localhost:7285/_vs/browserLink - -
2023-04-07 08:34:08  INF  Request finished HTTP/2 GET https://localhost:7285/_framework/aspnetcore-browser-refresh.js - - - 200 11996 application/javascript;+charset=utf-8 64.8180ms
2023-04-07 08:34:08  INF  Request finished HTTP/2 GET https://localhost:7285/_vs/browserLink - - - 200 - text/javascript;+charset=UTF-8 58.7412ms
2023-04-07 08:34:08  INF  Request starting HTTP/2 GET https://localhost:7285/swagger/v1/swagger.json - -
2023-04-07 08:34:08  INF  Request finished HTTP/2 GET https://localhost:7285/swagger/v1/swagger.json - - - 200 - application/json;charset=utf-8 242.5789ms
2023-04-07 08:34:12  INF  Request starting HTTP/2 GET https://localhost:7285/api/Stations/id/114 - -
2023-04-07 08:34:12  INF  Executing endpoint 'AirQualityApi.Controllers.StationsController.GetSensorDataById (AirQualityApi)'
2023-04-07 08:34:12  INF  Route matched with {action = "GetSensorDataById", controller = "Stations"}. Executing controller action with signature System.Threading.Tasks.Task`1[Microsoft.AspNetCore.Mvc.IActionResult] GetSensorDataById(Int32) on controller AirQualityApi.Controllers.StationsController (AirQualityApi).
2023-04-07 08:34:15  INF  Executed DbCommand (111ms) [Parameters=[@__stationId_0='?' (DbType = Int32)], CommandType='"Text"', CommandTimeout='30']
SELECT [s].[Id], [s].[ParamIdParam], [s].[StationId], [s0].[IdParam], [s0].[ParamCode], [s0].[ParamFormula], [s0].[ParamName]
FROM [Sensors] AS [s]
INNER JOIN [SensorParams] AS [s0] ON [s].[ParamIdParam] = [s0].[IdParam]
WHERE [s].[StationId] = @__stationId_0
2023-04-07 08:34:15  INF  Executing OkObjectResult, writing value of type 'System.Collections.Generic.List`1[[AirQualityApi.Db.Models.Sensor, AirQualityApi.Db.Models, Version=1.0.0.0, Culture=neutral, PublicKeyToken=null]]'.
2023-04-07 08:34:15  INF  Executed action AirQualityApi.Controllers.StationsController.GetSensorDataById (AirQualityApi) in 2949.5329ms
2023-04-07 08:34:15  INF  Executed endpoint 'AirQualityApi.Controllers.StationsController.GetSensorDataById (AirQualityApi)'
2023-04-07 08:34:15  INF  Request finished HTTP/2 GET https://localhost:7285/api/Stations/id/114 - - - 200 - application/json;+charset=utf-8 3039.7159ms
